app/build/outputs/logs/manifest-merger-debug-report.txt
-- Merging decision tree log ---
manifest
ADDED from src\main\AndroidManifest.xml:2:1-338:12
	package
		ADDED from src\main\AndroidManifest.xml:3:5-34
		INJECTED from src\main\AndroidManifest.xml
		INJECTED from src\main\AndroidManifest.xml
	android:versionName
		ADDED from src\main\AndroidManifest.xml:5:5-32
		INJECTED from src\main\AndroidManifest.xml
		INJECTED from src\main\AndroidManifest.xml
	android:versionCode
		ADDED from src\main\AndroidManifest.xml:4:5-29
		INJECTED from src\main\AndroidManifest.xml
		INJECTED from src\main\AndroidManifest.xml
	xmlns:android
		ADDED from src\main\AndroidManifest.xml:2:11-69
uses-sdk
ADDED from src\main\AndroidManifest.xml:7:5-9:41
MERGED from [com.android.support:support-v4:21.0.3] AndroidManifest.xml:15:5-42
	android:targetSdkVersion
		ADDED from src\main\AndroidManifest.xml:9:9-38
		INJECTED from src\main\AndroidManifest.xml
		INJECTED from src\main\AndroidManifest.xml
	android:minSdkVersion
		ADDED from src\main\AndroidManifest.xml:8:9-34
		INJECTED from src\main\AndroidManifest.xml
		INJECTED from src\main\AndroidManifest.xml
uses-permission#android.permission.INTERNET
ADDED from src\main\AndroidManifest.xml:11:5-67
MERGED from [87873game_as:pushSDK:unspecified] AndroidManifest.xml:9:5-67
	android:name
		ADDED from src\main\AndroidManifest.xml:11:22-64
uses-permission#android.permission.WRITE_EXTERNAL_STORAGE
ADDED from src\main\AndroidManifest.xml:12:5-81
MERGED from [87873game_as:pushSDK:unspecified] AndroidManifest.xml:12:5-81
	android:name
		ADDED from src\main\AndroidManifest.xml:12:22-78
uses-permission#android.permission.ACCESS_NETWORK_STATE
ADDED from src\main\AndroidManifest.xml:13:5-79
MERGED from [87873game_as:pushSDK:unspecified] AndroidManifest.xml:10:5-79
	android:name
		ADDED from src\main\AndroidManifest.xml:13:22-76
uses-permission#android.permission.READ_PHONE_STATE
ADDED from src\main\AndroidManifest.xml:14:5-75
MERGED from [87873game_as:pushSDK:unspecified] AndroidManifest.xml:14:5-75
	android:name
		ADDED from src\main\AndroidManifest.xml:14:22-72
uses-permission#android.permission.ACCESS_WIFI_STATE
ADDED from src\main\AndroidManifest.xml:15:5-76
MERGED from [87873game_as:pushSDK:unspecified] AndroidManifest.xml:11:5-76
	android:name
		ADDED from src\main\AndroidManifest.xml:15:22-73
uses-permission#android.permission.CAMERA
ADDED from src\main\AndroidManifest.xml:16:5-65
	android:name
		ADDED from src\main\AndroidManifest.xml:16:22-62
uses-permission#android.permission.VIBRATE
ADDED from src\main\AndroidManifest.xml:17:5-66
MERGED from [87873game_as:pushSDK:unspecified] AndroidManifest.xml:27:5-66
	android:name
		ADDED from src\main\AndroidManifest.xml:17:22-63
uses-permission#android.permission.FLASHLIGHT
ADDED from src\main\AndroidManifest.xml:18:5-69
	android:name
		ADDED from src\main\AndroidManifest.xml:18:22-66
uses-permission#android.permission.GET_TASKS
ADDED from src\main\AndroidManifest.xml:20:5-68
MERGED from [87873game_as:pushSDK:unspecified] AndroidManifest.xml:17:5-68
	android:name
		ADDED from src\main\AndroidManifest.xml:20:22-65
uses-permission#android.permission.CHANGE_NETWORK_STATE
ADDED from src\main\AndroidManifest.xml:22:5-79
MERGED from [87873game_as:pushSDK:unspecified] AndroidManifest.xml:15:5-79
	android:name
		ADDED from src\main\AndroidManifest.xml:22:22-76
uses-permission#android.permission.CHANGE_WIFI_STATE
ADDED from src\main\AndroidManifest.xml:23:5-76
MERGED from [87873game_as:pushSDK:unspecified] AndroidManifest.xml:16:5-76
	android:name
		ADDED from src\main\AndroidManifest.xml:23:22-73
uses-permission#android.permission.WAKE_LOCK
ADDED from src\main\AndroidManifest.xml:24:5-68
MERGED from [87873game_as:pushSDK:unspecified] AndroidManifest.xml:13:5-68
	android:name
		ADDED from src\main\AndroidManifest.xml:24:22-65
uses-permission#android.permission.WRITE_SETTINGS
ADDED from src\main\AndroidManifest.xml:25:5-73
MERGED from [87873game_as:pushSDK:unspecified] AndroidManifest.xml:8:5-73
	android:name
		ADDED from src\main\AndroidManifest.xml:25:22-70
uses-permission#android.permission.RECEIVE_BOOT_COMPLETED
ADDED from src\main\AndroidManifest.xml:26:5-81
MERGED from [87873game_as:pushSDK:unspecified] AndroidManifest.xml:18:5-81
	android:name
		ADDED from src\main\AndroidManifest.xml:26:22-78
uses-permission#android.permission.BROADCAST_PACKAGE_ADDED
ADDED from src\main\AndroidManifest.xml:29:5-82
MERGED from [87873game_as:pushSDK:unspecified] AndroidManifest.xml:21:5-82
	android:name
		ADDED from src\main\AndroidManifest.xml:29:22-79
uses-permission#android.permission.BROADCAST_PACKAGE_CHANGED
ADDED from src\main\AndroidManifest.xml:30:5-84
MERGED from [87873game_as:pushSDK:unspecified] AndroidManifest.xml:22:5-84
	android:name
		ADDED from src\main\AndroidManifest.xml:30:22-81
uses-permission#android.permission.BROADCAST_PACKAGE_INSTALL
ADDED from src\main\AndroidManifest.xml:31:5-84
MERGED from [87873game_as:pushSDK:unspecified] AndroidManifest.xml:23:5-84
	android:name
		ADDED from src\main\AndroidManifest.xml:31:22-81
uses-permission#android.permission.BROADCAST_PACKAGE_REPLACED
ADDED from src\main\AndroidManifest.xml:32:5-85
MERGED from [87873game_as:pushSDK:unspecified] AndroidManifest.xml:24:5-85
	android:name
		ADDED from src\main\AndroidManifest.xml:32:22-82
uses-permission#android.permission.RESTART_PACKAGES
ADDED from src\main\AndroidManifest.xml:33:5-75
MERGED from [87873game_as:pushSDK:unspecified] AndroidManifest.xml:25:5-75
	android:name
		ADDED from src\main\AndroidManifest.xml:33:22-72
uses-permission#android.permission.GET_ACCOUNTS
ADDED from src\main\AndroidManifest.xml:34:5-71
MERGED from [87873game_as:pushSDK:unspecified] AndroidManifest.xml:26:5-71
	android:name
		ADDED from src\main\AndroidManifest.xml:34:22-68
application
ADDED from src\main\AndroidManifest.xml:36:5-336:19
MERGED from [87873game_as:pushSDK:unspecified] AndroidManifest.xml:32:5-137:19
MERGED from [com.android.support:support-v4:21.0.3] AndroidManifest.xml:16:5-19
	android:label
		ADDED from src\main\AndroidManifest.xml:41:9-41
	android:hardwareAccelerated
		ADDED from src\main\AndroidManifest.xml:39:9-43
	android:allowBackup
		ADDED from src\main\AndroidManifest.xml:38:9-35
	android:icon
		ADDED from src\main\AndroidManifest.xml:40:9-45
	android:theme
		ADDED from src\main\AndroidManifest.xml:42:9-40
	android:name
		ADDED from src\main\AndroidManifest.xml:37:9-57
activity#com.xtone.game87873.section.IntroActivity_
ADDED from src\main\AndroidManifest.xml:43:9-63:20
	android:screenOrientation
		ADDED from src\main\AndroidManifest.xml:46:13-49
	android:label
		ADDED from src\main\AndroidManifest.xml:45:13-45
	android:theme
		ADDED from src\main\AndroidManifest.xml:47:13-60
	android:name
		ADDED from src\main\AndroidManifest.xml:44:13-70
intent-filter#android.intent.action.MAIN+android.intent.category.LAUNCHER
ADDED from src\main\AndroidManifest.xml:48:13-52:29
action#android.intent.action.MAIN
ADDED from src\main\AndroidManifest.xml:49:17-69
	android:name
		ADDED from src\main\AndroidManifest.xml:49:25-66
category#android.intent.category.LAUNCHER
ADDED from src\main\AndroidManifest.xml:51:17-77
	android:name
		ADDED from src\main\AndroidManifest.xml:51:27-74
intent-filter#android.intent.action.VIEW+android.intent.category.BROWSABLE+android.intent.category.DEFAULT
ADDED from src\main\AndroidManifest.xml:53:13-62:29
action#android.intent.action.VIEW
ADDED from src\main\AndroidManifest.xml:54:17-69
	android:name
		ADDED from src\main\AndroidManifest.xml:54:25-66
category#android.intent.category.DEFAULT
ADDED from src\main\AndroidManifest.xml:56:17-76
	android:name
		ADDED from src\main\AndroidManifest.xml:56:27-73
category#android.intent.category.BROWSABLE
ADDED from src\main\AndroidManifest.xml:57:17-78
	android:name
		ADDED from src\main\AndroidManifest.xml:57:27-75
data
ADDED from src\main\AndroidManifest.xml:59:17-61:46
	android:host
		ADDED from src\main\AndroidManifest.xml:60:21-41
	android:scheme
		ADDED from src\main\AndroidManifest.xml:61:21-43
receiver#com.xtone.game87873.section.receiver.UserReceiver
ADDED from src\main\AndroidManifest.xml:65:9-72:20
	android:name
		ADDED from src\main\AndroidManifest.xml:65:19-83
intent-filter#android.intent.action.PACKAGE_ADDED+android.intent.action.PACKAGE_REMOVED
ADDED from src\main\AndroidManifest.xml:66:13-71:29
action#android.intent.action.PACKAGE_ADDED
ADDED from src\main\AndroidManifest.xml:67:17-78
	android:name
		ADDED from src\main\AndroidManifest.xml:67:25-75
action#android.intent.action.PACKAGE_REMOVED
ADDED from src\main\AndroidManifest.xml:68:17-80
	android:name
		ADDED from src\main\AndroidManifest.xml:68:25-77
receiver#com.xtone.game87873.section.receiver.NetworkReceiver
ADDED from src\main\AndroidManifest.xml:74:9-78:20
	android:name
		ADDED from src\main\AndroidManifest.xml:74:19-86
intent-filter#android.net.conn.CONNECTIVITY_CHANGE
ADDED from src\main\AndroidManifest.xml:75:13-77:29
action#android.net.conn.CONNECTIVITY_CHANGE
ADDED from src\main\AndroidManifest.xml:76:17-79
	android:name
		ADDED from src\main\AndroidManifest.xml:76:25-76
activity#com.xtone.game87873.section.HomeActivity_
ADDED from src\main\AndroidManifest.xml:80:9-87:20
	android:screenOrientation
		ADDED from src\main\AndroidManifest.xml:84:13-49
	android:launchMode
		ADDED from src\main\AndroidManifest.xml:83:13-44
	android:exported
		ADDED from src\main\AndroidManifest.xml:82:13-37
	android:windowSoftInputMode
		ADDED from src\main\AndroidManifest.xml:86:13-70
	android:theme
		ADDED from src\main\AndroidManifest.xml:85:13-60
	android:name
		ADDED from src\main\AndroidManifest.xml:81:13-69
activity#com.xtone.game87873.section.game.AppDetailActivity_
ADDED from src\main\AndroidManifest.xml:88:9-94:20
	android:screenOrientation
		ADDED from src\main\AndroidManifest.xml:91:13-49
	android:exported
		ADDED from src\main\AndroidManifest.xml:90:13-37
	android:windowSoftInputMode
		ADDED from src\main\AndroidManifest.xml:93:13-70
	android:theme
		ADDED from src\main\AndroidManifest.xml:92:13-47
	android:name
		ADDED from src\main\AndroidManifest.xml:89:13-79
activity#com.xtone.game87873.section.game.PicActivity_
ADDED from src\main\AndroidManifest.xml:95:9-99:20
	android:exported
		ADDED from src\main\AndroidManifest.xml:97:13-37
	android:theme
		ADDED from src\main\AndroidManifest.xml:98:13-60
	android:name
		ADDED from src\main\AndroidManifest.xml:96:13-73
activity#com.xtone.game87873.section.game.ClassifyDetailActivity_
ADDED from src\main\AndroidManifest.xml:100:9-105:20
	android:screenOrientation
		ADDED from src\main\AndroidManifest.xml:103:13-49
	android:exported
		ADDED from src\main\AndroidManifest.xml:102:13-37
	android:theme
		ADDED from src\main\AndroidManifest.xml:104:13-47
	android:name
		ADDED from src\main\AndroidManifest.xml:101:13-84
activity#com.xtone.game87873.section.game.SubjectDetailActivity_
ADDED from src\main\AndroidManifest.xml:106:9-111:20
	android:screenOrientation
		ADDED from src\main\AndroidManifest.xml:109:13-49
	android:exported
		ADDED from src\main\AndroidManifest.xml:108:13-37
	android:theme
		ADDED from src\main\AndroidManifest.xml:110:13-47
	android:name
		ADDED from src\main\AndroidManifest.xml:107:13-83
activity#com.xtone.game87873.section.game.InformationDetailWebViewActivity_
ADDED from src\main\AndroidManifest.xml:112:9-117:20
	android:screenOrientation
		ADDED from src\main\AndroidManifest.xml:115:13-49
	android:exported
		ADDED from src\main\AndroidManifest.xml:114:13-37
	android:theme
		ADDED from src\main\AndroidManifest.xml:116:13-47
	android:name
		ADDED from src\main\AndroidManifest.xml:113:13-94
activity#com.xtone.game87873.section.game.InformationDetailActivity_
ADDED from src\main\AndroidManifest.xml:118:9-123:20
	android:screenOrientation
		ADDED from src\main\AndroidManifest.xml:121:13-49
	android:exported
		ADDED from src\main\AndroidManifest.xml:120:13-37
	android:theme
		ADDED from src\main\AndroidManifest.xml:122:13-47
	android:name
		ADDED from src\main\AndroidManifest.xml:119:13-87
activity#com.xtone.game87873.section.info.game.DownloadManagerActivity_
ADDED from src\main\AndroidManifest.xml:124:9-129:20
	android:screenOrientation
		ADDED from src\main\AndroidManifest.xml:127:13-49
	android:exported
		ADDED from src\main\AndroidManifest.xml:126:13-37
	android:theme
		ADDED from src\main\AndroidManifest.xml:128:13-47
	android:name
		ADDED from src\main\AndroidManifest.xml:125:13-90
activity#com.xtone.game87873.section.info.MyGameActivity_
ADDED from src\main\AndroidManifest.xml:130:9-135:20
	android:screenOrientation
		ADDED from src\main\AndroidManifest.xml:133:13-49
	android:exported
		ADDED from src\main\AndroidManifest.xml:132:13-37
	android:theme
		ADDED from src\main\AndroidManifest.xml:134:13-47
	android:name
		ADDED from src\main\AndroidManifest.xml:131:13-76
activity#com.xtone.game87873.section.info.game.MyCollectionActivity_
ADDED from src\main\AndroidManifest.xml:136:9-141:20
	android:screenOrientation
		ADDED from src\main\AndroidManifest.xml:139:13-49
	android:exported
		ADDED from src\main\AndroidManifest.xml:138:13-37
	android:theme
		ADDED from src\main\AndroidManifest.xml:140:13-47
	android:name
		ADDED from src\main\AndroidManifest.xml:137:13-87
activity#com.xtone.game87873.section.info.SettingActivity_
ADDED from src\main\AndroidManifest.xml:142:9-148:20
	android:screenOrientation
		ADDED from src\main\AndroidManifest.xml:145:13-49
	android:exported
		ADDED from src\main\AndroidManifest.xml:144:13-37
	android:windowSoftInputMode
		ADDED from src\main\AndroidManifest.xml:147:13-70
	android:theme
		ADDED from src\main\AndroidManifest.xml:146:13-47
	android:name
		ADDED from src\main\AndroidManifest.xml:143:13-77
activity#com.xtone.game87873.section.info.AboutUsActivity_
ADDED from src\main\AndroidManifest.xml:149:9-154:20
	android:screenOrientation
		ADDED from src\main\AndroidManifest.xml:152:13-49
	android:exported
		ADDED from src\main\AndroidManifest.xml:151:13-37
	android:theme
		ADDED from src\main\AndroidManifest.xml:153:13-47
	android:name
		ADDED from src\main\AndroidManifest.xml:150:13-77
activity#com.xtone.game87873.section.info.LoginActivity_
ADDED from src\main\AndroidManifest.xml:155:9-161:20
	android:screenOrientation
		ADDED from src\main\AndroidManifest.xml:158:13-49
	android:exported
		ADDED from src\main\AndroidManifest.xml:157:13-37
	android:windowSoftInputMode
		ADDED from src\main\AndroidManifest.xml:160:13-70
	android:theme
		ADDED from src\main\AndroidManifest.xml:159:13-47
	android:name
		ADDED from src\main\AndroidManifest.xml:156:13-75
activity#com.xtone.game87873.section.info.UserInfoActivity_
ADDED from src\main\AndroidManifest.xml:162:9-168:20
	android:screenOrientation
		ADDED from src\main\AndroidManifest.xml:165:13-49
	android:exported
		ADDED from src\main\AndroidManifest.xml:164:13-37
	android:windowSoftInputMode
		ADDED from src\main\AndroidManifest.xml:167:13-70
	android:theme
		ADDED from src\main\AndroidManifest.xml:166:13-47
	android:name
		ADDED from src\main\AndroidManifest.xml:163:13-78
activity#com.xtone.game87873.section.dialog.ChoiceImageDialogActivity_
ADDED from src\main\AndroidManifest.xml:169:9-173:20
	android:exported
		ADDED from src\main\AndroidManifest.xml:171:13-37
	android:theme
		ADDED from src\main\AndroidManifest.xml:172:13-61
	android:name
		ADDED from src\main\AndroidManifest.xml:170:13-89
activity#com.xtone.game87873.section.dialog.CustomShareDialogActivity_
ADDED from src\main\AndroidManifest.xml:174:9-178:20
	android:exported
		ADDED from src\main\AndroidManifest.xml:176:13-37
	android:theme
		ADDED from src\main\AndroidManifest.xml:177:13-61
	android:name
		ADDED from src\main\AndroidManifest.xml:175:13-89
activity#com.xtone.game87873.section.info.FeedbackActivity_
ADDED from src\main\AndroidManifest.xml:179:9-185:20
	android:screenOrientation
		ADDED from src\main\AndroidManifest.xml:182:13-49
	android:exported
		ADDED from src\main\AndroidManifest.xml:181:13-37
	android:windowSoftInputMode
		ADDED from src\main\AndroidManifest.xml:184:13-67
	android:theme
		ADDED from src\main\AndroidManifest.xml:183:13-47
	android:name
		ADDED from src\main\AndroidManifest.xml:180:13-78
activity#com.xtone.game87873.section.info.FindPasswordActivity_
ADDED from src\main\AndroidManifest.xml:186:9-192:20
	android:screenOrientation
		ADDED from src\main\AndroidManifest.xml:189:13-49
	android:exported
		ADDED from src\main\AndroidManifest.xml:188:13-37
	android:windowSoftInputMode
		ADDED from src\main\AndroidManifest.xml:191:13-70
	android:theme
		ADDED from src\main\AndroidManifest.xml:190:13-47
	android:name
		ADDED from src\main\AndroidManifest.xml:187:13-82
activity#com.xtone.game87873.section.info.RegisterActivity_
ADDED from src\main\AndroidManifest.xml:193:9-199:20
	android:screenOrientation
		ADDED from src\main\AndroidManifest.xml:196:13-49
	android:exported
		ADDED from src\main\AndroidManifest.xml:195:13-37
	android:windowSoftInputMode
		ADDED from src\main\AndroidManifest.xml:198:13-70
	android:theme
		ADDED from src\main\AndroidManifest.xml:197:13-47
	android:name
		ADDED from src\main\AndroidManifest.xml:194:13-78
activity#com.xtone.game87873.section.gift.GiftDetailActivity_
ADDED from src\main\AndroidManifest.xml:200:9-206:20
	android:screenOrientation
		ADDED from src\main\AndroidManifest.xml:203:13-49
	android:exported
		ADDED from src\main\AndroidManifest.xml:202:13-37
	android:windowSoftInputMode
		ADDED from src\main\AndroidManifest.xml:205:13-70
	android:theme
		ADDED from src\main\AndroidManifest.xml:204:13-47
	android:name
		ADDED from src\main\AndroidManifest.xml:201:13-80
activity#com.xtone.game87873.section.gift.MyGiftActivity_
ADDED from src\main\AndroidManifest.xml:207:9-212:20
	android:screenOrientation
		ADDED from src\main\AndroidManifest.xml:210:13-49
	android:exported
		ADDED from src\main\AndroidManifest.xml:209:13-37
	android:theme
		ADDED from src\main\AndroidManifest.xml:211:13-47
	android:name
		ADDED from src\main\AndroidManifest.xml:208:13-76
activity#com.xtone.game87873.section.gift.GiftSearchResultActivity_
ADDED from src\main\AndroidManifest.xml:213:9-219:20
	android:screenOrientation
		ADDED from src\main\AndroidManifest.xml:216:13-49
	android:exported
		ADDED from src\main\AndroidManifest.xml:215:13-37
	android:windowSoftInputMode
		ADDED from src\main\AndroidManifest.xml:218:13-70
	android:theme
		ADDED from src\main\AndroidManifest.xml:217:13-47
	android:name
		ADDED from src\main\AndroidManifest.xml:214:13-86
activity#com.xtone.game87873.section.game.SearchActivity_
ADDED from src\main\AndroidManifest.xml:220:9-226:20
	android:screenOrientation
		ADDED from src\main\AndroidManifest.xml:223:13-49
	android:exported
		ADDED from src\main\AndroidManifest.xml:222:13-37
	android:windowSoftInputMode
		ADDED from src\main\AndroidManifest.xml:225:13-67
	android:theme
		ADDED from src\main\AndroidManifest.xml:224:13-47
	android:name
		ADDED from src\main\AndroidManifest.xml:221:13-76
activity#com.xtone.game87873.zxing.CaptureActivity_
ADDED from src\main\AndroidManifest.xml:227:9-233:20
	android:screenOrientation
		ADDED from src\main\AndroidManifest.xml:230:13-49
	android:exported
		ADDED from src\main\AndroidManifest.xml:229:13-37
	android:windowSoftInputMode
		ADDED from src\main\AndroidManifest.xml:232:13-67
	android:theme
		ADDED from src\main\AndroidManifest.xml:231:13-60
	android:name
		ADDED from src\main\AndroidManifest.xml:228:13-70
activity#com.xtone.game87873.section.game.WebActivity_
ADDED from src\main\AndroidManifest.xml:234:9-240:20
	android:screenOrientation
		ADDED from src\main\AndroidManifest.xml:237:13-49
	android:exported
		ADDED from src\main\AndroidManifest.xml:236:13-37
	android:windowSoftInputMode
		ADDED from src\main\AndroidManifest.xml:239:13-67
	android:theme
		ADDED from src\main\AndroidManifest.xml:238:13-60
	android:name
		ADDED from src\main\AndroidManifest.xml:235:13-73
activity#com.xtone.game87873.section.SampleActivity
ADDED from src\main\AndroidManifest.xml:241:9-247:20
	android:screenOrientation
		ADDED from src\main\AndroidManifest.xml:244:13-49
	android:exported
		ADDED from src\main\AndroidManifest.xml:243:13-36
	android:windowSoftInputMode
		ADDED from src\main\AndroidManifest.xml:246:13-67
	android:theme
		ADDED from src\main\AndroidManifest.xml:245:13-60
	android:name
		ADDED from src\main\AndroidManifest.xml:242:13-70
provider#com.xtone.game87873.general.db.ContentProviderUser
ADDED from src\main\AndroidManifest.xml:249:9-252:39
	android:authorities
		ADDED from src\main\AndroidManifest.xml:251:13-80
	android:exported
		ADDED from src\main\AndroidManifest.xml:252:13-36
	android:name
		ADDED from src\main\AndroidManifest.xml:250:13-78
meta-data#UMENG_APPKEY
ADDED from src\main\AndroidManifest.xml:255:9-257:56
	android:value
		ADDED from src\main\AndroidManifest.xml:257:13-53
	android:name
		ADDED from src\main\AndroidManifest.xml:256:13-40
meta-data#UMENG_CHANNEL
ADDED from src\main\AndroidManifest.xml:258:9-260:42
	android:value
		ADDED from src\main\AndroidManifest.xml:260:13-39
	android:name
		ADDED from src\main\AndroidManifest.xml:259:13-41
service#com.umeng.update.net.DownloadingService
ADDED from src\main\AndroidManifest.xml:262:9-266:19
	android:process
		ADDED from src\main\AndroidManifest.xml:265:13-50
	android:exported
		ADDED from src\main\AndroidManifest.xml:264:13-37
	android:name
		ADDED from src\main\AndroidManifest.xml:263:13-67
activity#com.umeng.update.UpdateDialogActivity
ADDED from src\main\AndroidManifest.xml:268:9-272:20
	android:exported
		ADDED from src\main\AndroidManifest.xml:270:13-37
	android:theme
		ADDED from src\main\AndroidManifest.xml:271:13-72
	android:name
		ADDED from src\main\AndroidManifest.xml:269:13-65
activity#com.umeng.socialize.view.ShareActivity
ADDED from src\main\AndroidManifest.xml:278:9-286:20
	android:launchMode
		ADDED from src\main\AndroidManifest.xml:282:13-44
	android:exported
		ADDED from src\main\AndroidManifest.xml:281:13-37
	android:noHistory
		ADDED from src\main\AndroidManifest.xml:283:13-37
	android:windowSoftInputMode
		ADDED from src\main\AndroidManifest.xml:285:13-68
	android:configChanges
		ADDED from src\main\AndroidManifest.xml:280:13-57
	android:theme
		ADDED from src\main\AndroidManifest.xml:284:13-50
	android:name
		ADDED from src\main\AndroidManifest.xml:279:13-66
activity#com.xtone.game87873.wxapi.WXEntryActivity
ADDED from src\main\AndroidManifest.xml:287:9-292:75
	android:screenOrientation
		ADDED from src\main\AndroidManifest.xml:291:13-49
	android:exported
		ADDED from src\main\AndroidManifest.xml:290:13-37
	android:configChanges
		ADDED from src\main\AndroidManifest.xml:289:13-74
	android:theme
		ADDED from src\main\AndroidManifest.xml:292:13-72
	android:name
		ADDED from src\main\AndroidManifest.xml:288:13-50
activity#com.tencent.tauth.AuthActivity
ADDED from src\main\AndroidManifest.xml:295:9-308:20
	android:launchMode
		ADDED from src\main\AndroidManifest.xml:298:13-44
	android:exported
		ADDED from src\main\AndroidManifest.xml:297:13-37
	android:noHistory
		ADDED from src\main\AndroidManifest.xml:299:13-37
	android:name
		ADDED from src\main\AndroidManifest.xml:296:13-58
activity#com.tencent.connect.common.AssistActivity
ADDED from src\main\AndroidManifest.xml:309:9-314:20
	android:screenOrientation
		ADDED from src\main\AndroidManifest.xml:312:13-49
	android:exported
		ADDED from src\main\AndroidManifest.xml:311:13-37
	android:theme
		ADDED from src\main\AndroidManifest.xml:313:13-72
	android:name
		ADDED from src\main\AndroidManifest.xml:310:13-69
meta-data#UMENG_MESSAGE_SECRET
ADDED from src\main\AndroidManifest.xml:319:9-322:21
	android:value
		ADDED from src\main\AndroidManifest.xml:321:13-61
	android:name
		ADDED from src\main\AndroidManifest.xml:320:13-48
activity#com.sohu.cyan.android.sdk.activity.CyanCommentActivity
ADDED from src\main\AndroidManifest.xml:329:9-91
	android:name
		ADDED from src\main\AndroidManifest.xml:329:19-88
activity#com.sohu.cyan.android.sdk.activity.CyanPostCommentActivity
ADDED from src\main\AndroidManifest.xml:331:9-95
	android:name
		ADDED from src\main\AndroidManifest.xml:331:19-92
activity#com.sohu.cyan.android.sdk.activity.OAuthActivity
ADDED from src\main\AndroidManifest.xml:333:9-85
	android:name
		ADDED from src\main\AndroidManifest.xml:333:19-82
uses-permission#android.permission.SEND_SMS
ADDED from [87873game_as:pushSDK:unspecified] AndroidManifest.xml:28:5-67
	android:name
		ADDED from [87873game_as:pushSDK:unspecified] AndroidManifest.xml:28:22-64
uses-permission#android.permission.RECEIVE_SMS
ADDED from [87873game_as:pushSDK:unspecified] AndroidManifest.xml:29:5-70
	android:name
		ADDED from [87873game_as:pushSDK:unspecified] AndroidManifest.xml:29:22-67
uses-permission#android.permission.READ_SMS
ADDED from [87873game_as:pushSDK:unspecified] AndroidManifest.xml:30:5-67
	android:name
		ADDED from [87873game_as:pushSDK:unspecified] AndroidManifest.xml:30:22-64
receiver#com.umeng.message.NotificationProxyBroadcastReceiver
ADDED from [87873game_as:pushSDK:unspecified] AndroidManifest.xml:33:9-36:20
	android:exported
		ADDED from [87873game_as:pushSDK:unspecified] AndroidManifest.xml:35:13-37
	android:name
		ADDED from [87873game_as:pushSDK:unspecified] AndroidManifest.xml:34:13-80
receiver#com.umeng.message.SystemReceiver
ADDED from [87873game_as:pushSDK:unspecified] AndroidManifest.xml:37:9-51:20
	android:process
		ADDED from [87873game_as:pushSDK:unspecified] AndroidManifest.xml:39:13-36
	android:name
		ADDED from [87873game_as:pushSDK:unspecified] AndroidManifest.xml:38:13-60
intent-filter#android.intent.action.BOOT_COMPLETED
ADDED from [87873game_as:pushSDK:unspecified] AndroidManifest.xml:40:13-42:29
action#android.intent.action.BOOT_COMPLETED
ADDED from [87873game_as:pushSDK:unspecified] AndroidManifest.xml:41:17-79
	android:name
		ADDED from [87873game_as:pushSDK:unspecified] AndroidManifest.xml:41:25-76
intent-filter#android.intent.action.PACKAGE_REMOVED
ADDED from [87873game_as:pushSDK:unspecified] AndroidManifest.xml:46:13-50:29
receiver#com.umeng.message.MessageReceiver
ADDED from [87873game_as:pushSDK:unspecified] AndroidManifest.xml:52:9-59:20
	android:process
		ADDED from [87873game_as:pushSDK:unspecified] AndroidManifest.xml:55:13-36
	android:exported
		ADDED from [87873game_as:pushSDK:unspecified] AndroidManifest.xml:54:13-37
	android:name
		ADDED from [87873game_as:pushSDK:unspecified] AndroidManifest.xml:53:13-61
intent-filter#org.agoo.android.intent.action.RECEIVE
ADDED from [87873game_as:pushSDK:unspecified] AndroidManifest.xml:56:13-58:29
action#org.agoo.android.intent.action.RECEIVE
ADDED from [87873game_as:pushSDK:unspecified] AndroidManifest.xml:57:17-81
	android:name
		ADDED from [87873game_as:pushSDK:unspecified] AndroidManifest.xml:57:25-78
receiver#com.umeng.message.ElectionReceiver
ADDED from [87873game_as:pushSDK:unspecified] AndroidManifest.xml:60:9-68:20
	android:process
		ADDED from [87873game_as:pushSDK:unspecified] AndroidManifest.xml:62:13-36
	android:name
		ADDED from [87873game_as:pushSDK:unspecified] AndroidManifest.xml:61:13-62
intent-filter#org.agoo.android.intent.action.ELECTION_RESULT_V4+umeng
ADDED from [87873game_as:pushSDK:unspecified] AndroidManifest.xml:63:13-67:29
action#org.agoo.android.intent.action.ELECTION_RESULT_V4
ADDED from [87873game_as:pushSDK:unspecified] AndroidManifest.xml:64:17-92
	android:name
		ADDED from [87873game_as:pushSDK:unspecified] AndroidManifest.xml:64:25-89
category#umeng
ADDED from [87873game_as:pushSDK:unspecified] AndroidManifest.xml:66:17-50
	android:name
		ADDED from [87873game_as:pushSDK:unspecified] AndroidManifest.xml:66:27-47
receiver#com.umeng.message.RegistrationReceiver
ADDED from [87873game_as:pushSDK:unspecified] AndroidManifest.xml:69:9-75:20
	android:exported
		ADDED from [87873game_as:pushSDK:unspecified] AndroidManifest.xml:71:13-37
	android:name
		ADDED from [87873game_as:pushSDK:unspecified] AndroidManifest.xml:70:13-66
intent-filter#com.xtone.game87873.intent.action.COMMAND
ADDED from [87873game_as:pushSDK:unspecified] AndroidManifest.xml:72:13-74:29
action#com.xtone.game87873.intent.action.COMMAND
ADDED from [87873game_as:pushSDK:unspecified] AndroidManifest.xml:73:17-84
	android:name
		ADDED from [87873game_as:pushSDK:unspecified] AndroidManifest.xml:73:25-81
receiver#com.umeng.message.UmengMessageBootReceiver
ADDED from [87873game_as:pushSDK:unspecified] AndroidManifest.xml:76:9-80:20
	android:name
		ADDED from [87873game_as:pushSDK:unspecified] AndroidManifest.xml:76:19-76
service#com.umeng.message.UmengService
ADDED from [87873game_as:pushSDK:unspecified] AndroidManifest.xml:82:9-98:19
	android:process
		ADDED from [87873game_as:pushSDK:unspecified] AndroidManifest.xml:86:13-36
	android:label
		ADDED from [87873game_as:pushSDK:unspecified] AndroidManifest.xml:85:13-40
	android:exported
		ADDED from [87873game_as:pushSDK:unspecified] AndroidManifest.xml:84:13-36
	android:name
		ADDED from [87873game_as:pushSDK:unspecified] AndroidManifest.xml:83:13-58
intent-filter#com.xtone.game87873.intent.action.START
ADDED from [87873game_as:pushSDK:unspecified] AndroidManifest.xml:87:13-89:29
action#com.xtone.game87873.intent.action.START
ADDED from [87873game_as:pushSDK:unspecified] AndroidManifest.xml:88:17-82
	android:name
		ADDED from [87873game_as:pushSDK:unspecified] AndroidManifest.xml:88:25-79
intent-filter#com.xtone.game87873.intent.action.COCKROACH
ADDED from [87873game_as:pushSDK:unspecified] AndroidManifest.xml:90:13-92:29
action#com.xtone.game87873.intent.action.COCKROACH
ADDED from [87873game_as:pushSDK:unspecified] AndroidManifest.xml:91:17-86
	android:name
		ADDED from [87873game_as:pushSDK:unspecified] AndroidManifest.xml:91:25-83
intent-filter#org.agoo.android.intent.action.PING_V4+umeng
ADDED from [87873game_as:pushSDK:unspecified] AndroidManifest.xml:93:13-97:29
action#org.agoo.android.intent.action.PING_V4
ADDED from [87873game_as:pushSDK:unspecified] AndroidManifest.xml:94:17-81
	android:name
		ADDED from [87873game_as:pushSDK:unspecified] AndroidManifest.xml:94:25-78